<?xml version="1.0" encoding="utf-8" standalone="no"?>
<!--This file represents the results of running a test suite-->
<test-results name="C:\projects\pft\addressbook-web-tests\addressbook-web-tests\bin\Debug\addressbook-web-tests.dll" total="1" errors="0" failures="0" not-run="0" inconclusive="0" ignored="0" skipped="0" invalid="0" date="2017-01-24" time="07:58:32">
  <environment nunit-version="2.6.4.14350" clr-version="2.0.50727.5485" os-version="Microsoft Windows NT 6.1.7601 Service Pack 1" platform="Win32NT" cwd="C:\Program Files (x86)\NUnit 2.6.4\bin" machine-name="LENOVO-ПК" user="lenovo" user-domain="lenovo-ПК" />
  <culture-info current-culture="ru-RU" current-uiculture="ru-RU" />
  <test-suite type="Assembly" name="C:\projects\pft\addressbook-web-tests\addressbook-web-tests\bin\Debug\addressbook-web-tests.dll" executed="True" result="Success" success="True" time="32.229" asserts="0">
    <results>
      <test-suite type="Namespace" name="WebAddressbookTests" executed="True" result="Success" success="True" time="32.209" asserts="0">
        <results>
          <test-suite type="TestFixture" name="ContactCreationTests" executed="True" result="Success" success="True" time="32.206" asserts="0">
            <results>
              <test-suite type="ParameterizedTest" name="CreationNewContactTest" executed="True" result="Success" success="True" time="32.194" asserts="0">
                <results>
                  <test-case name="WebAddressbookTests.ContactCreationTests.CreationNewContactTest(WebAddressbookTests.ContactData)" executed="True" result="Success" success="True" time="32.184" asserts="3" />
                </results>
              </test-suite>
            </results>
          </test-suite>
        </results>
      </test-suite>
    </results>
  </test-suite>
</test-results>